
> meta_website_nexjs@0.1.0 build
> next build

- info Creating an optimized production build...
- info Compiled successfully
- info Linting and checking validity of types...
- info Collecting page data...
- info Generating static pages (0/3)
- info Generating static pages (3/3)
- info Finalizing page optimization...

Route (app)                                Size     First Load JS
ΓöÇ Γùï /                                      0 B                0 B
+ First Load JS shared by all              134 kB
  Γö£ chunks/539bbe41-727cc1d33e9f608b.js    1.57 kB
  Γö£ chunks/769-0543a4a7dbc096a7.js         25.2 kB
  Γö£ chunks/78-f9cc0733e28677f7.js          8.41 kB
  Γö£ chunks/839-796fb6d7ed1f0ce4.js         44.2 kB
  Γö£ chunks/bce60fc1-d19df0f804709cc4.js    50.5 kB
  Γö£ chunks/ff48af57-66442cb079e7e84b.js    2.69 kB
  Γö£ chunks/main-app-954584a748df17ae.js    217 B
  Γöö chunks/webpack-908de2e803da3ead.js     1.71 kB

Route (pages)                              Size     First Load JS
ΓöÇ Γùï /404                                   182 B          74.8 kB
+ First Load JS shared by all              74.6 kB
  Γö£ chunks/framework-8883d1e9be70c3da.js   45 kB
  Γö£ chunks/main-26a0807bc3b904c8.js        27.7 kB
  Γö£ chunks/pages/_app-998b8fceeadee23e.js  195 B
  Γöö chunks/webpack-908de2e803da3ead.js     1.71 kB

Γùï  (Static)  automatically rendered as static HTML (uses no initial props)

